<component name="libraryTable">
  <library name="JUnit5">
    <CLASSES>
      <root url="jar://$APPLICATION_HOME_DIR$/plugins/junit/lib/junit-jupiter-api-5.0.0-RC2.jar!/" />
      <root url="jar://$APPLICATION_HOME_DIR$/plugins/junit/lib/opentest4j-1.0.0-RC1.jar!/" />
    </CLASSES>
    <JAVADOC />
    <SOURCES />
  </library>
</component>